<?xml version="1.0" encoding="UTF-8"?>
<coverage generated="1773910005193" clover="3.2.0">
  <project timestamp="1773910005193" name="All files">
    <metrics statements="234" coveredstatements="200" conditionals="51" coveredconditionals="29" methods="78" coveredmethods="68" elements="363" coveredelements="297" complexity="0" loc="234" ncloc="234" packages="1" files="5" classes="5"/>
    <file name="fingerprint.ts" path="/Users/cyba/git/oceana/frontend/src/lib/crypto/fingerprint.ts">
      <metrics statements="34" coveredstatements="34" conditionals="6" coveredconditionals="5" methods="7" coveredmethods="7"/>
      <line num="6" count="1" type="stmt"/>
      <line num="7" count="1" type="stmt"/>
      <line num="14" count="4" type="stmt"/>
      <line num="15" count="4" type="cond" truecount="1" falsecount="1"/>
      <line num="17" count="4" type="stmt"/>
      <line num="18" count="4" type="cond" truecount="2" falsecount="0"/>
      <line num="20" count="3" type="stmt"/>
      <line num="21" count="3" type="stmt"/>
      <line num="22" count="3" type="stmt"/>
      <line num="26" count="6" type="stmt"/>
      <line num="27" count="6" type="stmt"/>
      <line num="28" count="6" type="stmt"/>
      <line num="30" count="6" type="stmt"/>
      <line num="31" count="6" type="stmt"/>
      <line num="33" count="6" type="stmt"/>
      <line num="44" count="6" type="stmt"/>
      <line num="45" count="6" type="stmt"/>
      <line num="46" count="31200" type="stmt"/>
      <line num="47" count="31200" type="cond" truecount="2" falsecount="0"/>
      <line num="48" count="31194" type="stmt"/>
      <line num="51" count="6" type="stmt"/>
      <line num="55" count="36" type="stmt"/>
      <line num="62" count="36" type="stmt"/>
      <line num="66" count="62418" type="stmt"/>
      <line num="67" count="31206" type="stmt"/>
      <line num="68" count="31206" type="stmt"/>
      <line num="69" count="31206" type="stmt"/>
      <line num="70" count="62418" type="stmt"/>
      <line num="71" count="62418" type="stmt"/>
      <line num="73" count="31206" type="stmt"/>
      <line num="77" count="3" type="stmt"/>
      <line num="78" count="3" type="stmt"/>
      <line num="79" count="5" type="stmt"/>
      <line num="81" count="3" type="stmt"/>
    </file>
    <file name="groupkeys.ts" path="/Users/cyba/git/oceana/frontend/src/lib/crypto/groupkeys.ts">
      <metrics statements="13" coveredstatements="13" conditionals="0" coveredconditionals="0" methods="8" coveredmethods="8"/>
      <line num="4" count="9" type="stmt"/>
      <line num="11" count="4" type="stmt"/>
      <line num="12" count="4" type="stmt"/>
      <line num="16" count="32" type="stmt"/>
      <line num="17" count="1" type="stmt"/>
      <line num="27" count="6" type="stmt"/>
      <line num="28" count="6" type="stmt"/>
      <line num="29" count="6" type="stmt"/>
      <line num="30" count="6" type="stmt"/>
      <line num="41" count="48" type="stmt"/>
      <line num="42" count="127" type="stmt"/>
      <line num="43" count="4" type="stmt"/>
      <line num="44" count="2" type="stmt"/>
    </file>
    <file name="keys.ts" path="/Users/cyba/git/oceana/frontend/src/lib/crypto/keys.ts">
      <metrics statements="57" coveredstatements="35" conditionals="9" coveredconditionals="2" methods="7" coveredmethods="5"/>
      <line num="9" count="949" type="stmt"/>
      <line num="10" count="949" type="stmt"/>
      <line num="11" count="949" type="stmt"/>
      <line num="12" count="32011" type="stmt"/>
      <line num="14" count="949" type="stmt"/>
      <line num="18" count="40" type="stmt"/>
      <line num="19" count="40" type="stmt"/>
      <line num="20" count="40" type="stmt"/>
      <line num="21" count="1886" type="stmt"/>
      <line num="23" count="40" type="stmt"/>
      <line num="32" count="9" type="stmt"/>
      <line num="33" count="9" type="stmt"/>
      <line num="35" count="9" type="stmt"/>
      <line num="36" count="9" type="stmt"/>
      <line num="38" count="9" type="stmt"/>
      <line num="39" count="9" type="stmt"/>
      <line num="40" count="9" type="stmt"/>
      <line num="41" count="9" type="stmt"/>
      <line num="44" count="9" type="stmt"/>
      <line num="45" count="9" type="stmt"/>
      <line num="46" count="9" type="stmt"/>
      <line num="47" count="900" type="stmt"/>
      <line num="48" count="900" type="stmt"/>
      <line num="49" count="900" type="stmt"/>
      <line num="50" count="900" type="stmt"/>
      <line num="55" count="9" type="stmt"/>
      <line num="57" count="9" type="stmt"/>
      <line num="70" count="6" type="stmt"/>
      <line num="71" count="6" type="stmt"/>
      <line num="72" count="6" type="stmt"/>
      <line num="73" count="6" type="stmt"/>
      <line num="77" count="2" type="stmt"/>
      <line num="78" count="2" type="cond" truecount="2" falsecount="0"/>
      <line num="79" count="1" type="stmt"/>
      <line num="80" count="1" type="stmt"/>
      <line num="84" count="0" type="stmt"/>
      <line num="85" count="0" type="stmt"/>
      <line num="86" count="0" type="stmt"/>
      <line num="97" count="0" type="stmt"/>
      <line num="98" count="0" type="stmt"/>
      <line num="99" count="0" type="cond" truecount="0" falsecount="2"/>
      <line num="101" count="0" type="stmt"/>
      <line num="102" count="0" type="cond" truecount="0" falsecount="2"/>
      <line num="104" count="0" type="stmt"/>
      <line num="105" count="0" type="stmt"/>
      <line num="106" count="0" type="stmt"/>
      <line num="108" count="0" type="stmt"/>
      <line num="109" count="0" type="stmt"/>
      <line num="110" count="0" type="stmt"/>
      <line num="111" count="0" type="stmt"/>
      <line num="112" count="0" type="stmt"/>
      <line num="117" count="0" type="stmt"/>
      <line num="120" count="0" type="stmt"/>
      <line num="121" count="0" type="stmt"/>
      <line num="122" count="0" type="cond" truecount="0" falsecount="2"/>
      <line num="126" count="0" type="stmt"/>
      <line num="134" count="0" type="stmt"/>
    </file>
    <file name="signal.ts" path="/Users/cyba/git/oceana/frontend/src/lib/crypto/signal.ts">
      <metrics statements="29" coveredstatements="27" conditionals="8" coveredconditionals="4" methods="6" coveredmethods="6"/>
      <line num="17" count="7" type="stmt"/>
      <line num="18" count="7" type="stmt"/>
      <line num="20" count="7" type="cond" truecount="1" falsecount="1"/>
      <line num="27" count="7" type="stmt"/>
      <line num="33" count="7" type="stmt"/>
      <line num="46" count="1" type="stmt"/>
      <line num="47" count="1" type="stmt"/>
      <line num="48" count="1" type="stmt"/>
      <line num="49" count="1" type="stmt"/>
      <line num="52" count="178" type="stmt"/>
      <line num="65" count="1" type="stmt"/>
      <line num="66" count="1" type="stmt"/>
      <line num="67" count="1" type="stmt"/>
      <line num="70" count="1" type="cond" truecount="1" falsecount="1"/>
      <line num="72" count="1" type="stmt"/>
      <line num="75" count="0" type="stmt"/>
      <line num="77" count="1" type="stmt"/>
      <line num="84" count="4" type="stmt"/>
      <line num="85" count="4" type="cond" truecount="1" falsecount="1"/>
      <line num="87" count="4" type="stmt"/>
      <line num="88" count="4" type="stmt"/>
      <line num="89" count="4" type="stmt"/>
      <line num="97" count="4" type="stmt"/>
      <line num="98" count="4" type="stmt"/>
      <line num="99" count="4" type="stmt"/>
      <line num="106" count="4" type="stmt"/>
      <line num="107" count="4" type="stmt"/>
      <line num="108" count="4" type="stmt"/>
      <line num="110" count="0" type="stmt"/>
    </file>
    <file name="store.ts" path="/Users/cyba/git/oceana/frontend/src/lib/crypto/store.ts">
      <metrics statements="101" coveredstatements="91" conditionals="28" coveredconditionals="18" methods="50" coveredmethods="42"/>
      <line num="4" count="5" type="stmt"/>
      <line num="7" count="36" type="stmt"/>
      <line num="11" count="36" type="stmt"/>
      <line num="12" count="36" type="stmt"/>
      <line num="13" count="36" type="stmt"/>
      <line num="14" count="36" type="stmt"/>
      <line num="15" count="36" type="cond" truecount="1" falsecount="1"/>
      <line num="16" count="36" type="cond" truecount="1" falsecount="1"/>
      <line num="17" count="36" type="cond" truecount="1" falsecount="1"/>
      <line num="18" count="36" type="cond" truecount="1" falsecount="1"/>
      <line num="19" count="36" type="cond" truecount="1" falsecount="1"/>
      <line num="20" count="36" type="cond" truecount="1" falsecount="1"/>
      <line num="22" count="36" type="stmt"/>
      <line num="23" count="36" type="stmt"/>
      <line num="26" count="0" type="stmt"/>
      <line num="27" count="0" type="stmt"/>
      <line num="28" count="0" type="stmt"/>
      <line num="34" count="108" type="stmt"/>
      <line num="35" count="108" type="stmt"/>
      <line num="36" count="108" type="stmt"/>
      <line num="37" count="108" type="stmt"/>
      <line num="38" count="108" type="stmt"/>
      <line num="43" count="985" type="stmt"/>
      <line num="44" count="985" type="stmt"/>
      <line num="45" count="985" type="stmt"/>
      <line num="46" count="985" type="stmt"/>
      <line num="47" count="985" type="stmt"/>
      <line num="52" count="3" type="stmt"/>
      <line num="53" count="3" type="stmt"/>
      <line num="54" count="3" type="stmt"/>
      <line num="55" count="3" type="stmt"/>
      <line num="56" count="3" type="stmt"/>
      <line num="61" count="36" type="stmt"/>
      <line num="65" count="36" type="stmt"/>
      <line num="69" count="36" type="stmt"/>
      <line num="73" count="1080" type="cond" truecount="1" falsecount="1"/>
      <line num="74" count="1080" type="stmt"/>
      <line num="79" count="5" type="stmt"/>
      <line num="84" count="17" type="stmt"/>
      <line num="85" count="17" type="stmt"/>
      <line num="89" count="10" type="stmt"/>
      <line num="90" count="10" type="stmt"/>
      <line num="95" count="10" type="stmt"/>
      <line num="96" count="10" type="stmt"/>
      <line num="100" count="7" type="stmt"/>
      <line num="101" count="7" type="stmt"/>
      <line num="105" count="4" type="stmt"/>
      <line num="106" count="4" type="stmt"/>
      <line num="110" count="10" type="stmt"/>
      <line num="111" count="10" type="stmt"/>
      <line num="120" count="12" type="stmt"/>
      <line num="121" count="12" type="stmt"/>
      <line num="122" count="12" type="cond" truecount="2" falsecount="0"/>
      <line num="123" count="2" type="stmt"/>
      <line num="127" count="16" type="stmt"/>
      <line num="128" count="16" type="stmt"/>
      <line num="129" count="16" type="stmt"/>
      <line num="130" count="16" type="cond" truecount="2" falsecount="0"/>
      <line num="134" count="4" type="stmt"/>
      <line num="135" count="4" type="stmt"/>
      <line num="140" count="11" type="stmt"/>
      <line num="141" count="11" type="stmt"/>
      <line num="145" count="10" type="stmt"/>
      <line num="146" count="10" type="stmt"/>
      <line num="151" count="4" type="stmt"/>
      <line num="152" count="4" type="stmt"/>
      <line num="156" count="901" type="stmt"/>
      <line num="157" count="901" type="stmt"/>
      <line num="161" count="2" type="stmt"/>
      <line num="162" count="2" type="stmt"/>
      <line num="167" count="4" type="stmt"/>
      <line num="168" count="4" type="stmt"/>
      <line num="172" count="10" type="stmt"/>
      <line num="173" count="10" type="stmt"/>
      <line num="177" count="1" type="stmt"/>
      <line num="178" count="1" type="stmt"/>
      <line num="183" count="12" type="stmt"/>
      <line num="184" count="12" type="cond" truecount="2" falsecount="0"/>
      <line num="188" count="10" type="stmt"/>
      <line num="189" count="10" type="stmt"/>
      <line num="193" count="12" type="stmt"/>
      <line num="194" count="12" type="cond" truecount="2" falsecount="0"/>
      <line num="198" count="10" type="stmt"/>
      <line num="199" count="10" type="stmt"/>
      <line num="204" count="0" type="stmt"/>
      <line num="205" count="0" type="stmt"/>
      <line num="206" count="0" type="stmt"/>
      <line num="211" count="0" type="stmt"/>
      <line num="212" count="0" type="stmt"/>
      <line num="213" count="0" type="cond" truecount="0" falsecount="2"/>
      <line num="215" count="0" type="stmt"/>
      <line num="221" count="1" type="stmt"/>
      <line num="222" count="1" type="stmt"/>
      <line num="226" count="2" type="stmt"/>
      <line num="227" count="2" type="stmt"/>
      <line num="231" count="5" type="cond" truecount="1" falsecount="1"/>
      <line num="232" count="5" type="stmt"/>
      <line num="233" count="5" type="stmt"/>
      <line num="234" count="5" type="stmt"/>
      <line num="235" count="39" type="cond" truecount="2" falsecount="0"/>
      <line num="237" count="3" type="stmt"/>
    </file>
  </project>
</coverage>
