{"/Users/cyba/git/oceana/frontend/src/lib/crypto/fingerprint.ts": {"path":"/Users/cyba/git/oceana/frontend/src/lib/crypto/fingerprint.ts","statementMap":{"0":{"start":{"line":6,"column":19},"end":{"line":6,"column":null}},"1":{"start":{"line":7,"column":16},"end":{"line":7,"column":null}},"2":{"start":{"line":14,"column":20},"end":{"line":14,"column":null}},"3":{"start":{"line":15,"column":1},"end":{"line":15,"column":null}},"4":{"start":{"line":15,"column":18},"end":{"line":15,"column":null}},"5":{"start":{"line":17,"column":18},"end":{"line":17,"column":null}},"6":{"start":{"line":18,"column":1},"end":{"line":18,"column":null}},"7":{"start":{"line":18,"column":16},"end":{"line":18,"column":null}},"8":{"start":{"line":20,"column":18},"end":{"line":20,"column":null}},"9":{"start":{"line":21,"column":19},"end":{"line":21,"column":null}},"10":{"start":{"line":22,"column":1},"end":{"line":22,"column":null}},"11":{"start":{"line":26,"column":17},"end":{"line":26,"column":null}},"12":{"start":{"line":27,"column":20},"end":{"line":27,"column":null}},"13":{"start":{"line":28,"column":17},"end":{"line":28,"column":null}},"14":{"start":{"line":30,"column":14},"end":{"line":30,"column":null}},"15":{"start":{"line":31,"column":16},"end":{"line":31,"column":null}},"16":{"start":{"line":33,"column":1},"end":{"line":39,"column":null}},"17":{"start":{"line":44,"column":15},"end":{"line":44,"column":null}},"18":{"start":{"line":45,"column":1},"end":{"line":50,"column":null}},"19":{"start":{"line":45,"column":14},"end":{"line":45,"column":17}},"20":{"start":{"line":46,"column":2},"end":{"line":46,"column":null}},"21":{"start":{"line":47,"column":2},"end":{"line":49,"column":null}},"22":{"start":{"line":48,"column":3},"end":{"line":48,"column":null}},"23":{"start":{"line":51,"column":1},"end":{"line":51,"column":null}},"24":{"start":{"line":55,"column":7},"end":{"line":61,"column":null}},"25":{"start":{"line":62,"column":1},"end":{"line":62,"column":null}},"26":{"start":{"line":66,"column":21},"end":{"line":66,"column":null}},"27":{"start":{"line":66,"column":45},"end":{"line":66,"column":65}},"28":{"start":{"line":67,"column":16},"end":{"line":67,"column":null}},"29":{"start":{"line":68,"column":14},"end":{"line":68,"column":null}},"30":{"start":{"line":69,"column":1},"end":{"line":72,"column":null}},"31":{"start":{"line":70,"column":2},"end":{"line":70,"column":null}},"32":{"start":{"line":71,"column":2},"end":{"line":71,"column":null}},"33":{"start":{"line":73,"column":1},"end":{"line":73,"column":null}},"34":{"start":{"line":77,"column":26},"end":{"line":77,"column":null}},"35":{"start":{"line":78,"column":1},"end":{"line":80,"column":null}},"36":{"start":{"line":78,"column":14},"end":{"line":78,"column":17}},"37":{"start":{"line":79,"column":2},"end":{"line":79,"column":null}},"38":{"start":{"line":81,"column":1},"end":{"line":81,"column":null}}},"fnMap":{"0":{"name":"generateSafetyNumber","decl":{"start":{"line":9,"column":22},"end":{"line":9,"column":null}},"loc":{"start":{"line":13,"column":19},"end":{"line":23,"column":null}},"line":13},"1":{"name":"getDisplayStringFor","decl":{"start":{"line":25,"column":15},"end":{"line":25,"column":35}},"loc":{"start":{"line":25,"column":90},"end":{"line":41,"column":null}},"line":25},"2":{"name":"iterateHash","decl":{"start":{"line":43,"column":15},"end":{"line":43,"column":27}},"loc":{"start":{"line":43,"column":101},"end":{"line":52,"column":null}},"line":43},"3":{"name":"getEncodedChunk","decl":{"start":{"line":54,"column":9},"end":{"line":54,"column":25}},"loc":{"start":{"line":54,"column":67},"end":{"line":63,"column":null}},"line":54},"4":{"name":"concatBuffers","decl":{"start":{"line":65,"column":9},"end":{"line":65,"column":23}},"loc":{"start":{"line":65,"column":57},"end":{"line":74,"column":null}},"line":65},"5":{"name":"(anonymous_5)","decl":{"start":{"line":66,"column":33},"end":{"line":66,"column":34}},"loc":{"start":{"line":66,"column":45},"end":{"line":66,"column":65}},"line":66},"6":{"name":"formatSafetyNumber","decl":{"start":{"line":76,"column":16},"end":{"line":76,"column":35}},"loc":{"start":{"line":76,"column":56},"end":{"line":82,"column":null}},"line":76}},"branchMap":{"0":{"loc":{"start":{"line":15,"column":1},"end":{"line":15,"column":null}},"type":"if","locations":[{"start":{"line":15,"column":1},"end":{"line":15,"column":null}},{"start":{},"end":{}}],"line":15},"1":{"loc":{"start":{"line":18,"column":1},"end":{"line":18,"column":null}},"type":"if","locations":[{"start":{"line":18,"column":1},"end":{"line":18,"column":null}},{"start":{},"end":{}}],"line":18},"2":{"loc":{"start":{"line":47,"column":2},"end":{"line":49,"column":null}},"type":"if","locations":[{"start":{"line":47,"column":2},"end":{"line":49,"column":null}},{"start":{},"end":{}}],"line":47}},"s":{"0":1,"1":1,"2":4,"3":4,"4":0,"5":4,"6":4,"7":1,"8":3,"9":3,"10":3,"11":6,"12":6,"13":6,"14":6,"15":6,"16":6,"17":6,"18":6,"19":6,"20":31200,"21":31200,"22":31194,"23":6,"24":36,"25":36,"26":31206,"27":62418,"28":31206,"29":31206,"30":31206,"31":62418,"32":62418,"33":31206,"34":3,"35":3,"36":3,"37":5,"38":3},"f":{"0":4,"1":6,"2":6,"3":36,"4":31206,"5":62418,"6":3},"b":{"0":[0,4],"1":[1,3],"2":[31194,6]},"meta":{"lastBranch":3,"lastFunction":7,"lastStatement":39,"seen":{"s:6:19:6:Infinity":0,"s:7:16:7:Infinity":1,"f:9:22:9:Infinity":0,"s:14:20:14:Infinity":2,"b:15:1:15:Infinity:undefined:undefined:undefined:undefined":0,"s:15:1:15:Infinity":3,"s:15:18:15:Infinity":4,"s:17:18:17:Infinity":5,"b:18:1:18:Infinity:undefined:undefined:undefined:undefined":1,"s:18:1:18:Infinity":6,"s:18:16:18:Infinity":7,"s:20:18:20:Infinity":8,"s:21:19:21:Infinity":9,"s:22:1:22:Infinity":10,"f:25:15:25:35":1,"s:26:17:26:Infinity":11,"s:27:20:27:Infinity":12,"s:28:17:28:Infinity":13,"s:30:14:30:Infinity":14,"s:31:16:31:Infinity":15,"s:33:1:39:Infinity":16,"f:43:15:43:27":2,"s:44:15:44:Infinity":17,"s:45:1:50:Infinity":18,"s:45:14:45:17":19,"s:46:2:46:Infinity":20,"b:47:2:49:Infinity:undefined:undefined:undefined:undefined":2,"s:47:2:49:Infinity":21,"s:48:3:48:Infinity":22,"s:51:1:51:Infinity":23,"f:54:9:54:25":3,"s:55:7:61:Infinity":24,"s:62:1:62:Infinity":25,"f:65:9:65:23":4,"s:66:21:66:Infinity":26,"f:66:33:66:34":5,"s:66:45:66:65":27,"s:67:16:67:Infinity":28,"s:68:14:68:Infinity":29,"s:69:1:72:Infinity":30,"s:70:2:70:Infinity":31,"s:71:2:71:Infinity":32,"s:73:1:73:Infinity":33,"f:76:16:76:35":6,"s:77:26:77:Infinity":34,"s:78:1:80:Infinity":35,"s:78:14:78:17":36,"s:79:2:79:Infinity":37,"s:81:1:81:Infinity":38}}}
,"/Users/cyba/git/oceana/frontend/src/lib/crypto/groupkeys.ts": {"path":"/Users/cyba/git/oceana/frontend/src/lib/crypto/groupkeys.ts","statementMap":{"0":{"start":{"line":4,"column":1},"end":{"line":7,"column":null}},"1":{"start":{"line":11,"column":13},"end":{"line":11,"column":null}},"2":{"start":{"line":12,"column":1},"end":{"line":12,"column":null}},"3":{"start":{"line":16,"column":13},"end":{"line":16,"column":null}},"4":{"start":{"line":16,"column":47},"end":{"line":16,"column":62}},"5":{"start":{"line":17,"column":1},"end":{"line":20,"column":null}},"6":{"start":{"line":27,"column":12},"end":{"line":27,"column":null}},"7":{"start":{"line":28,"column":17},"end":{"line":28,"column":null}},"8":{"start":{"line":29,"column":19},"end":{"line":29,"column":null}},"9":{"start":{"line":30,"column":1},"end":{"line":33,"column":null}},"10":{"start":{"line":41,"column":12},"end":{"line":41,"column":null}},"11":{"start":{"line":41,"column":48},"end":{"line":41,"column":63}},"12":{"start":{"line":42,"column":14},"end":{"line":42,"column":null}},"13":{"start":{"line":42,"column":55},"end":{"line":42,"column":70}},"14":{"start":{"line":43,"column":19},"end":{"line":43,"column":null}},"15":{"start":{"line":44,"column":1},"end":{"line":44,"column":null}}},"fnMap":{"0":{"name":"generateGroupKey","decl":{"start":{"line":3,"column":22},"end":{"line":3,"column":61}},"loc":{"start":{"line":3,"column":61},"end":{"line":8,"column":null}},"line":3},"1":{"name":"exportGroupKey","decl":{"start":{"line":10,"column":22},"end":{"line":10,"column":37}},"loc":{"start":{"line":10,"column":70},"end":{"line":13,"column":null}},"line":10},"2":{"name":"importGroupKey","decl":{"start":{"line":15,"column":22},"end":{"line":15,"column":37}},"loc":{"start":{"line":15,"column":70},"end":{"line":21,"column":null}},"line":15},"3":{"name":"(anonymous_3)","decl":{"start":{"line":16,"column":40},"end":{"line":16,"column":41}},"loc":{"start":{"line":16,"column":47},"end":{"line":16,"column":62}},"line":16},"4":{"name":"encryptGroupMessage","decl":{"start":{"line":23,"column":22},"end":{"line":23,"column":null}},"loc":{"start":{"line":26,"column":50},"end":{"line":34,"column":null}},"line":26},"5":{"name":"decryptGroupMessage","decl":{"start":{"line":36,"column":22},"end":{"line":36,"column":null}},"loc":{"start":{"line":40,"column":19},"end":{"line":45,"column":null}},"line":40},"6":{"name":"(anonymous_6)","decl":{"start":{"line":41,"column":41},"end":{"line":41,"column":42}},"loc":{"start":{"line":41,"column":48},"end":{"line":41,"column":63}},"line":41},"7":{"name":"(anonymous_7)","decl":{"start":{"line":42,"column":48},"end":{"line":42,"column":49}},"loc":{"start":{"line":42,"column":55},"end":{"line":42,"column":70}},"line":42}},"branchMap":{},"s":{"0":9,"1":4,"2":4,"3":1,"4":32,"5":1,"6":6,"7":6,"8":6,"9":6,"10":4,"11":48,"12":4,"13":127,"14":4,"15":2},"f":{"0":9,"1":4,"2":1,"3":32,"4":6,"5":4,"6":48,"7":127},"b":{},"meta":{"lastBranch":0,"lastFunction":8,"lastStatement":16,"seen":{"f:3:22:3:61":0,"s:4:1:7:Infinity":0,"f:10:22:10:37":1,"s:11:13:11:Infinity":1,"s:12:1:12:Infinity":2,"f:15:22:15:37":2,"s:16:13:16:Infinity":3,"f:16:40:16:41":3,"s:16:47:16:62":4,"s:17:1:20:Infinity":5,"f:23:22:23:Infinity":4,"s:27:12:27:Infinity":6,"s:28:17:28:Infinity":7,"s:29:19:29:Infinity":8,"s:30:1:33:Infinity":9,"f:36:22:36:Infinity":5,"s:41:12:41:Infinity":10,"f:41:41:41:42":6,"s:41:48:41:63":11,"s:42:14:42:Infinity":12,"f:42:48:42:49":7,"s:42:55:42:70":13,"s:43:19:43:Infinity":14,"s:44:1:44:Infinity":15}}}
,"/Users/cyba/git/oceana/frontend/src/lib/crypto/keys.ts": {"path":"/Users/cyba/git/oceana/frontend/src/lib/crypto/keys.ts","statementMap":{"0":{"start":{"line":9,"column":15},"end":{"line":9,"column":null}},"1":{"start":{"line":10,"column":14},"end":{"line":10,"column":null}},"2":{"start":{"line":11,"column":1},"end":{"line":13,"column":null}},"3":{"start":{"line":11,"column":14},"end":{"line":11,"column":17}},"4":{"start":{"line":12,"column":2},"end":{"line":12,"column":null}},"5":{"start":{"line":14,"column":1},"end":{"line":14,"column":null}},"6":{"start":{"line":18,"column":16},"end":{"line":18,"column":null}},"7":{"start":{"line":19,"column":15},"end":{"line":19,"column":null}},"8":{"start":{"line":20,"column":1},"end":{"line":22,"column":null}},"9":{"start":{"line":20,"column":14},"end":{"line":20,"column":17}},"10":{"start":{"line":21,"column":2},"end":{"line":21,"column":null}},"11":{"start":{"line":23,"column":1},"end":{"line":23,"column":null}},"12":{"start":{"line":32,"column":24},"end":{"line":32,"column":null}},"13":{"start":{"line":33,"column":1},"end":{"line":33,"column":null}},"14":{"start":{"line":35,"column":25},"end":{"line":35,"column":null}},"15":{"start":{"line":36,"column":1},"end":{"line":36,"column":null}},"16":{"start":{"line":38,"column":24},"end":{"line":38,"column":null}},"17":{"start":{"line":39,"column":22},"end":{"line":39,"column":null}},"18":{"start":{"line":40,"column":1},"end":{"line":40,"column":null}},"19":{"start":{"line":41,"column":1},"end":{"line":41,"column":null}},"20":{"start":{"line":44,"column":17},"end":{"line":44,"column":null}},"21":{"start":{"line":45,"column":66},"end":{"line":45,"column":null}},"22":{"start":{"line":46,"column":1},"end":{"line":54,"column":null}},"23":{"start":{"line":46,"column":14},"end":{"line":46,"column":17}},"24":{"start":{"line":47,"column":16},"end":{"line":47,"column":null}},"25":{"start":{"line":48,"column":17},"end":{"line":48,"column":null}},"26":{"start":{"line":49,"column":2},"end":{"line":49,"column":null}},"27":{"start":{"line":50,"column":2},"end":{"line":53,"column":null}},"28":{"start":{"line":55,"column":1},"end":{"line":55,"column":null}},"29":{"start":{"line":57,"column":1},"end":{"line":66,"column":null}},"30":{"start":{"line":70,"column":17},"end":{"line":70,"column":null}},"31":{"start":{"line":71,"column":1},"end":{"line":71,"column":null}},"32":{"start":{"line":72,"column":16},"end":{"line":72,"column":null}},"33":{"start":{"line":73,"column":1},"end":{"line":73,"column":null}},"34":{"start":{"line":77,"column":17},"end":{"line":77,"column":null}},"35":{"start":{"line":78,"column":1},"end":{"line":78,"column":null}},"36":{"start":{"line":78,"column":15},"end":{"line":78,"column":null}},"37":{"start":{"line":79,"column":16},"end":{"line":79,"column":null}},"38":{"start":{"line":80,"column":1},"end":{"line":80,"column":null}},"39":{"start":{"line":84,"column":14},"end":{"line":84,"column":null}},"40":{"start":{"line":85,"column":20},"end":{"line":85,"column":null}},"41":{"start":{"line":86,"column":1},"end":{"line":93,"column":null}},"42":{"start":{"line":97,"column":1},"end":{"line":135,"column":null}},"43":{"start":{"line":98,"column":21},"end":{"line":98,"column":null}},"44":{"start":{"line":99,"column":2},"end":{"line":99,"column":null}},"45":{"start":{"line":99,"column":26},"end":{"line":99,"column":null}},"46":{"start":{"line":101,"column":26},"end":{"line":101,"column":null}},"47":{"start":{"line":102,"column":2},"end":{"line":102,"column":null}},"48":{"start":{"line":102,"column":24},"end":{"line":102,"column":null}},"49":{"start":{"line":104,"column":18},"end":{"line":104,"column":null}},"50":{"start":{"line":105,"column":60},"end":{"line":105,"column":null}},"51":{"start":{"line":106,"column":20},"end":{"line":106,"column":null}},"52":{"start":{"line":108,"column":2},"end":{"line":116,"column":null}},"53":{"start":{"line":108,"column":15},"end":{"line":108,"column":18}},"54":{"start":{"line":109,"column":17},"end":{"line":109,"column":null}},"55":{"start":{"line":110,"column":18},"end":{"line":110,"column":null}},"56":{"start":{"line":111,"column":3},"end":{"line":111,"column":null}},"57":{"start":{"line":112,"column":3},"end":{"line":115,"column":null}},"58":{"start":{"line":117,"column":2},"end":{"line":117,"column":null}},"59":{"start":{"line":120,"column":26},"end":{"line":120,"column":null}},"60":{"start":{"line":121,"column":23},"end":{"line":121,"column":null}},"61":{"start":{"line":122,"column":2},"end":{"line":122,"column":null}},"62":{"start":{"line":122,"column":21},"end":{"line":122,"column":null}},"63":{"start":{"line":126,"column":2},"end":{"line":132,"column":null}},"64":{"start":{"line":134,"column":2},"end":{"line":134,"column":null}}},"fnMap":{"0":{"name":"arrayBufferToBase64","decl":{"start":{"line":8,"column":16},"end":{"line":8,"column":36}},"loc":{"start":{"line":8,"column":65},"end":{"line":15,"column":null}},"line":8},"1":{"name":"base64ToArrayBuffer","decl":{"start":{"line":17,"column":16},"end":{"line":17,"column":36}},"loc":{"start":{"line":17,"column":65},"end":{"line":24,"column":null}},"line":17},"2":{"name":"generateIdentityAndKeys","decl":{"start":{"line":26,"column":22},"end":{"line":26,"column":46}},"loc":{"start":{"line":31,"column":3},"end":{"line":67,"column":null}},"line":31},"3":{"name":"generateSigningKey","decl":{"start":{"line":69,"column":22},"end":{"line":69,"column":41}},"loc":{"start":{"line":69,"column":86},"end":{"line":74,"column":null}},"line":69},"4":{"name":"getSigningPublicKey","decl":{"start":{"line":76,"column":22},"end":{"line":76,"column":42}},"loc":{"start":{"line":76,"column":94},"end":{"line":81,"column":null}},"line":76},"5":{"name":"uploadKeyBundle","decl":{"start":{"line":83,"column":22},"end":{"line":83,"column":38}},"loc":{"start":{"line":83,"column":81},"end":{"line":94,"column":null}},"line":83},"6":{"name":"replenishPreKeysIfNeeded","decl":{"start":{"line":96,"column":22},"end":{"line":96,"column":47}},"loc":{"start":{"line":96,"column":106},"end":{"line":136,"column":null}},"line":96}},"branchMap":{"0":{"loc":{"start":{"line":78,"column":1},"end":{"line":78,"column":null}},"type":"if","locations":[{"start":{"line":78,"column":1},"end":{"line":78,"column":null}},{"start":{},"end":{}}],"line":78},"1":{"loc":{"start":{"line":96,"column":75},"end":{"line":96,"column":106}},"type":"default-arg","locations":[{"start":{"line":96,"column":87},"end":{"line":96,"column":106}}],"line":96},"2":{"loc":{"start":{"line":99,"column":2},"end":{"line":99,"column":null}},"type":"if","locations":[{"start":{"line":99,"column":2},"end":{"line":99,"column":null}},{"start":{},"end":{}}],"line":99},"3":{"loc":{"start":{"line":102,"column":2},"end":{"line":102,"column":null}},"type":"if","locations":[{"start":{"line":102,"column":2},"end":{"line":102,"column":null}},{"start":{},"end":{}}],"line":102},"4":{"loc":{"start":{"line":122,"column":2},"end":{"line":122,"column":null}},"type":"if","locations":[{"start":{"line":122,"column":2},"end":{"line":122,"column":null}},{"start":{},"end":{}}],"line":122}},"s":{"0":949,"1":949,"2":949,"3":949,"4":32011,"5":949,"6":40,"7":40,"8":40,"9":40,"10":1886,"11":40,"12":9,"13":9,"14":9,"15":9,"16":9,"17":9,"18":9,"19":9,"20":9,"21":9,"22":9,"23":9,"24":900,"25":900,"26":900,"27":900,"28":9,"29":9,"30":6,"31":6,"32":6,"33":6,"34":2,"35":2,"36":1,"37":1,"38":1,"39":0,"40":0,"41":0,"42":0,"43":0,"44":0,"45":0,"46":0,"47":0,"48":0,"49":0,"50":0,"51":0,"52":0,"53":0,"54":0,"55":0,"56":0,"57":0,"58":0,"59":0,"60":0,"61":0,"62":0,"63":0,"64":0},"f":{"0":949,"1":40,"2":9,"3":6,"4":2,"5":0,"6":0},"b":{"0":[1,1],"1":[0],"2":[0,0],"3":[0,0],"4":[0,0]},"meta":{"lastBranch":5,"lastFunction":7,"lastStatement":65,"seen":{"f:8:16:8:36":0,"s:9:15:9:Infinity":0,"s:10:14:10:Infinity":1,"s:11:1:13:Infinity":2,"s:11:14:11:17":3,"s:12:2:12:Infinity":4,"s:14:1:14:Infinity":5,"f:17:16:17:36":1,"s:18:16:18:Infinity":6,"s:19:15:19:Infinity":7,"s:20:1:22:Infinity":8,"s:20:14:20:17":9,"s:21:2:21:Infinity":10,"s:23:1:23:Infinity":11,"f:26:22:26:46":2,"s:32:24:32:Infinity":12,"s:33:1:33:Infinity":13,"s:35:25:35:Infinity":14,"s:36:1:36:Infinity":15,"s:38:24:38:Infinity":16,"s:39:22:39:Infinity":17,"s:40:1:40:Infinity":18,"s:41:1:41:Infinity":19,"s:44:17:44:Infinity":20,"s:45:66:45:Infinity":21,"s:46:1:54:Infinity":22,"s:46:14:46:17":23,"s:47:16:47:Infinity":24,"s:48:17:48:Infinity":25,"s:49:2:49:Infinity":26,"s:50:2:53:Infinity":27,"s:55:1:55:Infinity":28,"s:57:1:66:Infinity":29,"f:69:22:69:41":3,"s:70:17:70:Infinity":30,"s:71:1:71:Infinity":31,"s:72:16:72:Infinity":32,"s:73:1:73:Infinity":33,"f:76:22:76:42":4,"s:77:17:77:Infinity":34,"b:78:1:78:Infinity:undefined:undefined:undefined:undefined":0,"s:78:1:78:Infinity":35,"s:78:15:78:Infinity":36,"s:79:16:79:Infinity":37,"s:80:1:80:Infinity":38,"f:83:22:83:38":5,"s:84:14:84:Infinity":39,"s:85:20:85:Infinity":40,"s:86:1:93:Infinity":41,"f:96:22:96:47":6,"b:96:87:96:106":1,"s:97:1:135:Infinity":42,"s:98:21:98:Infinity":43,"b:99:2:99:Infinity:undefined:undefined:undefined:undefined":2,"s:99:2:99:Infinity":44,"s:99:26:99:Infinity":45,"s:101:26:101:Infinity":46,"b:102:2:102:Infinity:undefined:undefined:undefined:undefined":3,"s:102:2:102:Infinity":47,"s:102:24:102:Infinity":48,"s:104:18:104:Infinity":49,"s:105:60:105:Infinity":50,"s:106:20:106:Infinity":51,"s:108:2:116:Infinity":52,"s:108:15:108:18":53,"s:109:17:109:Infinity":54,"s:110:18:110:Infinity":55,"s:111:3:111:Infinity":56,"s:112:3:115:Infinity":57,"s:117:2:117:Infinity":58,"s:120:26:120:Infinity":59,"s:121:23:121:Infinity":60,"b:122:2:122:Infinity:undefined:undefined:undefined:undefined":4,"s:122:2:122:Infinity":61,"s:122:21:122:Infinity":62,"s:126:2:132:Infinity":63,"s:134:2:134:Infinity":64}}}
,"/Users/cyba/git/oceana/frontend/src/lib/crypto/signal.ts": {"path":"/Users/cyba/git/oceana/frontend/src/lib/crypto/signal.ts","statementMap":{"0":{"start":{"line":17,"column":17},"end":{"line":17,"column":null}},"1":{"start":{"line":18,"column":17},"end":{"line":18,"column":null}},"2":{"start":{"line":20,"column":40},"end":{"line":25,"column":null}},"3":{"start":{"line":27,"column":46},"end":{"line":31,"column":null}},"4":{"start":{"line":33,"column":1},"end":{"line":38,"column":null}},"5":{"start":{"line":46,"column":17},"end":{"line":46,"column":null}},"6":{"start":{"line":47,"column":16},"end":{"line":47,"column":null}},"7":{"start":{"line":48,"column":19},"end":{"line":48,"column":null}},"8":{"start":{"line":49,"column":1},"end":{"line":56,"column":null}},"9":{"start":{"line":52,"column":45},"end":{"line":52,"column":60}},"10":{"start":{"line":65,"column":17},"end":{"line":65,"column":null}},"11":{"start":{"line":66,"column":16},"end":{"line":66,"column":null}},"12":{"start":{"line":67,"column":7},"end":{"line":67,"column":null}},"13":{"start":{"line":70,"column":1},"end":{"line":76,"column":null}},"14":{"start":{"line":72,"column":2},"end":{"line":72,"column":null}},"15":{"start":{"line":75,"column":2},"end":{"line":75,"column":null}},"16":{"start":{"line":77,"column":1},"end":{"line":77,"column":null}},"17":{"start":{"line":84,"column":17},"end":{"line":84,"column":null}},"18":{"start":{"line":85,"column":1},"end":{"line":85,"column":null}},"19":{"start":{"line":85,"column":15},"end":{"line":85,"column":null}},"20":{"start":{"line":87,"column":14},"end":{"line":87,"column":null}},"21":{"start":{"line":88,"column":19},"end":{"line":88,"column":null}},"22":{"start":{"line":89,"column":1},"end":{"line":89,"column":null}},"23":{"start":{"line":97,"column":1},"end":{"line":111,"column":null}},"24":{"start":{"line":98,"column":8},"end":{"line":98,"column":null}},"25":{"start":{"line":99,"column":14},"end":{"line":105,"column":null}},"26":{"start":{"line":106,"column":15},"end":{"line":106,"column":null}},"27":{"start":{"line":107,"column":8},"end":{"line":107,"column":null}},"28":{"start":{"line":108,"column":2},"end":{"line":108,"column":null}},"29":{"start":{"line":110,"column":2},"end":{"line":110,"column":null}}},"fnMap":{"0":{"name":"initSession","decl":{"start":{"line":12,"column":22},"end":{"line":12,"column":null}},"loc":{"start":{"line":16,"column":17},"end":{"line":39,"column":null}},"line":16},"1":{"name":"encryptMessage","decl":{"start":{"line":41,"column":22},"end":{"line":41,"column":null}},"loc":{"start":{"line":45,"column":56},"end":{"line":57,"column":null}},"line":45},"2":{"name":"(anonymous_2)","decl":{"start":{"line":52,"column":38},"end":{"line":52,"column":39}},"loc":{"start":{"line":52,"column":45},"end":{"line":52,"column":60}},"line":52},"3":{"name":"decryptMessage","decl":{"start":{"line":59,"column":22},"end":{"line":59,"column":null}},"loc":{"start":{"line":64,"column":19},"end":{"line":78,"column":null}},"line":64},"4":{"name":"signContent","decl":{"start":{"line":80,"column":22},"end":{"line":80,"column":null}},"loc":{"start":{"line":83,"column":19},"end":{"line":90,"column":null}},"line":83},"5":{"name":"verifySignature","decl":{"start":{"line":92,"column":22},"end":{"line":92,"column":null}},"loc":{"start":{"line":96,"column":20},"end":{"line":112,"column":null}},"line":96}},"branchMap":{"0":{"loc":{"start":{"line":20,"column":40},"end":{"line":25,"column":null}},"type":"cond-expr","locations":[{"start":{"line":21,"column":4},"end":{"line":24,"column":null}},{"start":{"line":25,"column":4},"end":{"line":25,"column":null}}],"line":20},"1":{"loc":{"start":{"line":51,"column":3},"end":{"line":53,"column":null}},"type":"cond-expr","locations":[{"start":{"line":52,"column":6},"end":{"line":52,"column":null}},{"start":{"line":53,"column":6},"end":{"line":53,"column":null}}],"line":51},"2":{"loc":{"start":{"line":70,"column":1},"end":{"line":76,"column":null}},"type":"if","locations":[{"start":{"line":70,"column":1},"end":{"line":76,"column":null}},{"start":{"line":73,"column":8},"end":{"line":76,"column":null}}],"line":70},"3":{"loc":{"start":{"line":85,"column":1},"end":{"line":85,"column":null}},"type":"if","locations":[{"start":{"line":85,"column":1},"end":{"line":85,"column":null}},{"start":{},"end":{}}],"line":85}},"s":{"0":7,"1":7,"2":7,"3":7,"4":7,"5":1,"6":1,"7":1,"8":1,"9":178,"10":1,"11":1,"12":1,"13":1,"14":1,"15":0,"16":1,"17":4,"18":4,"19":0,"20":4,"21":4,"22":4,"23":4,"24":4,"25":4,"26":4,"27":4,"28":4,"29":0},"f":{"0":7,"1":1,"2":178,"3":1,"4":4,"5":4},"b":{"0":[7,0],"1":[1,0],"2":[1,0],"3":[0,4]},"meta":{"lastBranch":4,"lastFunction":6,"lastStatement":30,"seen":{"f:12:22:12:Infinity":0,"s:17:17:17:Infinity":0,"s:18:17:18:Infinity":1,"s:20:40:25:Infinity":2,"b:21:4:24:Infinity:25:4:25:Infinity":0,"s:27:46:31:Infinity":3,"s:33:1:38:Infinity":4,"f:41:22:41:Infinity":1,"s:46:17:46:Infinity":5,"s:47:16:47:Infinity":6,"s:48:19:48:Infinity":7,"s:49:1:56:Infinity":8,"b:52:6:52:Infinity:53:6:53:Infinity":1,"f:52:38:52:39":2,"s:52:45:52:60":9,"f:59:22:59:Infinity":3,"s:65:17:65:Infinity":10,"s:66:16:66:Infinity":11,"s:67:7:67:Infinity":12,"b:70:1:76:Infinity:73:8:76:Infinity":2,"s:70:1:76:Infinity":13,"s:72:2:72:Infinity":14,"s:75:2:75:Infinity":15,"s:77:1:77:Infinity":16,"f:80:22:80:Infinity":4,"s:84:17:84:Infinity":17,"b:85:1:85:Infinity:undefined:undefined:undefined:undefined":3,"s:85:1:85:Infinity":18,"s:85:15:85:Infinity":19,"s:87:14:87:Infinity":20,"s:88:19:88:Infinity":21,"s:89:1:89:Infinity":22,"f:92:22:92:Infinity":5,"s:97:1:111:Infinity":23,"s:98:8:98:Infinity":24,"s:99:14:105:Infinity":25,"s:106:15:106:Infinity":26,"s:107:8:107:Infinity":27,"s:108:2:108:Infinity":28,"s:110:2:110:Infinity":29}}}
,"/Users/cyba/git/oceana/frontend/src/lib/crypto/store.ts": {"path":"/Users/cyba/git/oceana/frontend/src/lib/crypto/store.ts","statementMap":{"0":{"start":{"line":4,"column":19},"end":{"line":4,"column":null}},"1":{"start":{"line":7,"column":1},"end":{"line":7,"column":null}},"2":{"start":{"line":11,"column":1},"end":{"line":30,"column":null}},"3":{"start":{"line":12,"column":18},"end":{"line":12,"column":null}},"4":{"start":{"line":13,"column":2},"end":{"line":21,"column":null}},"5":{"start":{"line":14,"column":14},"end":{"line":14,"column":null}},"6":{"start":{"line":15,"column":3},"end":{"line":15,"column":null}},"7":{"start":{"line":15,"column":50},"end":{"line":15,"column":null}},"8":{"start":{"line":16,"column":3},"end":{"line":16,"column":null}},"9":{"start":{"line":16,"column":50},"end":{"line":16,"column":null}},"10":{"start":{"line":17,"column":3},"end":{"line":17,"column":null}},"11":{"start":{"line":17,"column":55},"end":{"line":17,"column":null}},"12":{"start":{"line":18,"column":3},"end":{"line":18,"column":null}},"13":{"start":{"line":18,"column":49},"end":{"line":18,"column":null}},"14":{"start":{"line":19,"column":3},"end":{"line":19,"column":null}},"15":{"start":{"line":19,"column":54},"end":{"line":19,"column":null}},"16":{"start":{"line":20,"column":3},"end":{"line":20,"column":null}},"17":{"start":{"line":20,"column":51},"end":{"line":20,"column":null}},"18":{"start":{"line":22,"column":2},"end":{"line":22,"column":null}},"19":{"start":{"line":22,"column":28},"end":{"line":22,"column":null}},"20":{"start":{"line":23,"column":2},"end":{"line":29,"column":null}},"21":{"start":{"line":26,"column":17},"end":{"line":26,"column":null}},"22":{"start":{"line":27,"column":3},"end":{"line":27,"column":null}},"23":{"start":{"line":27,"column":27},"end":{"line":27,"column":null}},"24":{"start":{"line":28,"column":3},"end":{"line":28,"column":null}},"25":{"start":{"line":28,"column":25},"end":{"line":28,"column":null}},"26":{"start":{"line":34,"column":1},"end":{"line":39,"column":null}},"27":{"start":{"line":35,"column":13},"end":{"line":35,"column":null}},"28":{"start":{"line":36,"column":14},"end":{"line":36,"column":null}},"29":{"start":{"line":37,"column":2},"end":{"line":37,"column":null}},"30":{"start":{"line":37,"column":24},"end":{"line":37,"column":null}},"31":{"start":{"line":38,"column":2},"end":{"line":38,"column":null}},"32":{"start":{"line":38,"column":22},"end":{"line":38,"column":null}},"33":{"start":{"line":43,"column":1},"end":{"line":48,"column":null}},"34":{"start":{"line":44,"column":13},"end":{"line":44,"column":null}},"35":{"start":{"line":45,"column":2},"end":{"line":45,"column":null}},"36":{"start":{"line":46,"column":2},"end":{"line":46,"column":null}},"37":{"start":{"line":46,"column":24},"end":{"line":46,"column":null}},"38":{"start":{"line":47,"column":2},"end":{"line":47,"column":null}},"39":{"start":{"line":47,"column":21},"end":{"line":47,"column":null}},"40":{"start":{"line":52,"column":1},"end":{"line":57,"column":null}},"41":{"start":{"line":53,"column":13},"end":{"line":53,"column":null}},"42":{"start":{"line":54,"column":2},"end":{"line":54,"column":null}},"43":{"start":{"line":55,"column":2},"end":{"line":55,"column":null}},"44":{"start":{"line":55,"column":24},"end":{"line":55,"column":null}},"45":{"start":{"line":56,"column":2},"end":{"line":56,"column":null}},"46":{"start":{"line":56,"column":21},"end":{"line":56,"column":null}},"47":{"start":{"line":61,"column":34},"end":{"line":61,"column":null}},"48":{"start":{"line":65,"column":2},"end":{"line":65,"column":null}},"49":{"start":{"line":69,"column":2},"end":{"line":69,"column":null}},"50":{"start":{"line":73,"column":2},"end":{"line":73,"column":null}},"51":{"start":{"line":73,"column":16},"end":{"line":73,"column":null}},"52":{"start":{"line":74,"column":2},"end":{"line":74,"column":null}},"53":{"start":{"line":79,"column":2},"end":{"line":79,"column":null}},"54":{"start":{"line":84,"column":13},"end":{"line":84,"column":null}},"55":{"start":{"line":85,"column":2},"end":{"line":85,"column":null}},"56":{"start":{"line":89,"column":13},"end":{"line":89,"column":null}},"57":{"start":{"line":90,"column":2},"end":{"line":90,"column":null}},"58":{"start":{"line":95,"column":13},"end":{"line":95,"column":null}},"59":{"start":{"line":96,"column":2},"end":{"line":96,"column":null}},"60":{"start":{"line":100,"column":13},"end":{"line":100,"column":null}},"61":{"start":{"line":101,"column":2},"end":{"line":101,"column":null}},"62":{"start":{"line":105,"column":13},"end":{"line":105,"column":null}},"63":{"start":{"line":106,"column":2},"end":{"line":106,"column":null}},"64":{"start":{"line":110,"column":13},"end":{"line":110,"column":null}},"65":{"start":{"line":111,"column":2},"end":{"line":111,"column":null}},"66":{"start":{"line":120,"column":13},"end":{"line":120,"column":null}},"67":{"start":{"line":121,"column":19},"end":{"line":121,"column":null}},"68":{"start":{"line":122,"column":2},"end":{"line":122,"column":null}},"69":{"start":{"line":122,"column":17},"end":{"line":122,"column":null}},"70":{"start":{"line":123,"column":2},"end":{"line":123,"column":null}},"71":{"start":{"line":127,"column":13},"end":{"line":127,"column":null}},"72":{"start":{"line":128,"column":19},"end":{"line":128,"column":null}},"73":{"start":{"line":129,"column":2},"end":{"line":129,"column":null}},"74":{"start":{"line":130,"column":2},"end":{"line":130,"column":null}},"75":{"start":{"line":134,"column":13},"end":{"line":134,"column":null}},"76":{"start":{"line":135,"column":2},"end":{"line":135,"column":null}},"77":{"start":{"line":140,"column":13},"end":{"line":140,"column":null}},"78":{"start":{"line":141,"column":2},"end":{"line":141,"column":null}},"79":{"start":{"line":145,"column":13},"end":{"line":145,"column":null}},"80":{"start":{"line":146,"column":2},"end":{"line":146,"column":null}},"81":{"start":{"line":151,"column":13},"end":{"line":151,"column":null}},"82":{"start":{"line":152,"column":2},"end":{"line":152,"column":null}},"83":{"start":{"line":156,"column":13},"end":{"line":156,"column":null}},"84":{"start":{"line":157,"column":2},"end":{"line":157,"column":null}},"85":{"start":{"line":161,"column":13},"end":{"line":161,"column":null}},"86":{"start":{"line":162,"column":2},"end":{"line":162,"column":null}},"87":{"start":{"line":167,"column":13},"end":{"line":167,"column":null}},"88":{"start":{"line":168,"column":2},"end":{"line":168,"column":null}},"89":{"start":{"line":172,"column":13},"end":{"line":172,"column":null}},"90":{"start":{"line":173,"column":2},"end":{"line":173,"column":null}},"91":{"start":{"line":177,"column":13},"end":{"line":177,"column":null}},"92":{"start":{"line":178,"column":2},"end":{"line":178,"column":null}},"93":{"start":{"line":183,"column":13},"end":{"line":183,"column":null}},"94":{"start":{"line":184,"column":2},"end":{"line":184,"column":null}},"95":{"start":{"line":188,"column":13},"end":{"line":188,"column":null}},"96":{"start":{"line":189,"column":2},"end":{"line":189,"column":null}},"97":{"start":{"line":193,"column":13},"end":{"line":193,"column":null}},"98":{"start":{"line":194,"column":2},"end":{"line":194,"column":null}},"99":{"start":{"line":198,"column":13},"end":{"line":198,"column":null}},"100":{"start":{"line":199,"column":2},"end":{"line":199,"column":null}},"101":{"start":{"line":204,"column":2},"end":{"line":207,"column":null}},"102":{"start":{"line":205,"column":15},"end":{"line":205,"column":null}},"103":{"start":{"line":206,"column":3},"end":{"line":206,"column":null}},"104":{"start":{"line":211,"column":2},"end":{"line":216,"column":null}},"105":{"start":{"line":212,"column":15},"end":{"line":212,"column":null}},"106":{"start":{"line":213,"column":3},"end":{"line":213,"column":null}},"107":{"start":{"line":215,"column":3},"end":{"line":215,"column":null}},"108":{"start":{"line":221,"column":13},"end":{"line":221,"column":null}},"109":{"start":{"line":222,"column":2},"end":{"line":222,"column":null}},"110":{"start":{"line":226,"column":13},"end":{"line":226,"column":null}},"111":{"start":{"line":227,"column":2},"end":{"line":227,"column":null}},"112":{"start":{"line":231,"column":2},"end":{"line":231,"column":null}},"113":{"start":{"line":231,"column":37},"end":{"line":231,"column":null}},"114":{"start":{"line":232,"column":13},"end":{"line":232,"column":null}},"115":{"start":{"line":233,"column":13},"end":{"line":233,"column":null}},"116":{"start":{"line":234,"column":2},"end":{"line":236,"column":null}},"117":{"start":{"line":234,"column":15},"end":{"line":234,"column":18}},"118":{"start":{"line":235,"column":3},"end":{"line":235,"column":null}},"119":{"start":{"line":235,"column":24},"end":{"line":235,"column":null}},"120":{"start":{"line":237,"column":2},"end":{"line":237,"column":null}}},"fnMap":{"0":{"name":"dbName","decl":{"start":{"line":6,"column":9},"end":{"line":6,"column":16}},"loc":{"start":{"line":6,"column":40},"end":{"line":8,"column":null}},"line":6},"1":{"name":"openDB","decl":{"start":{"line":10,"column":9},"end":{"line":10,"column":16}},"loc":{"start":{"line":10,"column":54},"end":{"line":31,"column":null}},"line":10},"2":{"name":"(anonymous_2)","decl":{"start":{"line":11,"column":20},"end":{"line":11,"column":21}},"loc":{"start":{"line":11,"column":41},"end":{"line":30,"column":2}},"line":11},"3":{"name":"(anonymous_3)","decl":{"start":{"line":13,"column":28},"end":{"line":13,"column":29}},"loc":{"start":{"line":13,"column":39},"end":{"line":21,"column":null}},"line":13},"4":{"name":"(anonymous_4)","decl":{"start":{"line":22,"column":22},"end":{"line":22,"column":28}},"loc":{"start":{"line":22,"column":28},"end":{"line":22,"column":null}},"line":22},"5":{"name":"(anonymous_5)","decl":{"start":{"line":23,"column":20},"end":{"line":23,"column":26}},"loc":{"start":{"line":23,"column":26},"end":{"line":29,"column":null}},"line":23},"6":{"name":"(anonymous_6)","decl":{"start":{"line":27,"column":21},"end":{"line":27,"column":27}},"loc":{"start":{"line":27,"column":27},"end":{"line":27,"column":null}},"line":27},"7":{"name":"(anonymous_7)","decl":{"start":{"line":28,"column":19},"end":{"line":28,"column":25}},"loc":{"start":{"line":28,"column":25},"end":{"line":28,"column":null}},"line":28},"8":{"name":"idbGet","decl":{"start":{"line":33,"column":9},"end":{"line":33,"column":16}},"loc":{"start":{"line":33,"column":75},"end":{"line":40,"column":null}},"line":33},"9":{"name":"(anonymous_9)","decl":{"start":{"line":34,"column":20},"end":{"line":34,"column":21}},"loc":{"start":{"line":34,"column":41},"end":{"line":39,"column":2}},"line":34},"10":{"name":"(anonymous_10)","decl":{"start":{"line":37,"column":18},"end":{"line":37,"column":24}},"loc":{"start":{"line":37,"column":24},"end":{"line":37,"column":null}},"line":37},"11":{"name":"(anonymous_11)","decl":{"start":{"line":38,"column":16},"end":{"line":38,"column":22}},"loc":{"start":{"line":38,"column":22},"end":{"line":38,"column":null}},"line":38},"12":{"name":"idbPut","decl":{"start":{"line":42,"column":9},"end":{"line":42,"column":16}},"loc":{"start":{"line":42,"column":88},"end":{"line":49,"column":null}},"line":42},"13":{"name":"(anonymous_13)","decl":{"start":{"line":43,"column":20},"end":{"line":43,"column":21}},"loc":{"start":{"line":43,"column":41},"end":{"line":48,"column":2}},"line":43},"14":{"name":"(anonymous_14)","decl":{"start":{"line":46,"column":18},"end":{"line":46,"column":24}},"loc":{"start":{"line":46,"column":24},"end":{"line":46,"column":null}},"line":46},"15":{"name":"(anonymous_15)","decl":{"start":{"line":47,"column":15},"end":{"line":47,"column":21}},"loc":{"start":{"line":47,"column":21},"end":{"line":47,"column":null}},"line":47},"16":{"name":"idbDelete","decl":{"start":{"line":51,"column":9},"end":{"line":51,"column":19}},"loc":{"start":{"line":51,"column":79},"end":{"line":58,"column":null}},"line":51},"17":{"name":"(anonymous_17)","decl":{"start":{"line":52,"column":20},"end":{"line":52,"column":21}},"loc":{"start":{"line":52,"column":41},"end":{"line":57,"column":2}},"line":52},"18":{"name":"(anonymous_18)","decl":{"start":{"line":55,"column":18},"end":{"line":55,"column":24}},"loc":{"start":{"line":55,"column":24},"end":{"line":55,"column":null}},"line":55},"19":{"name":"(anonymous_19)","decl":{"start":{"line":56,"column":15},"end":{"line":56,"column":21}},"loc":{"start":{"line":56,"column":21},"end":{"line":56,"column":null}},"line":56},"20":{"name":"(anonymous_20)","decl":{"start":{"line":64,"column":1},"end":{"line":64,"column":13}},"loc":{"start":{"line":64,"column":29},"end":{"line":66,"column":null}},"line":64},"21":{"name":"(anonymous_21)","decl":{"start":{"line":68,"column":7},"end":{"line":68,"column":29}},"loc":{"start":{"line":68,"column":29},"end":{"line":70,"column":null}},"line":68},"22":{"name":"(anonymous_22)","decl":{"start":{"line":72,"column":9},"end":{"line":72,"column":33}},"loc":{"start":{"line":72,"column":33},"end":{"line":75,"column":null}},"line":72},"23":{"name":"(anonymous_23)","decl":{"start":{"line":78,"column":8},"end":{"line":78,"column":16}},"loc":{"start":{"line":78,"column":40},"end":{"line":80,"column":null}},"line":78},"24":{"name":"(anonymous_24)","decl":{"start":{"line":83,"column":7},"end":{"line":83,"column":96}},"loc":{"start":{"line":83,"column":96},"end":{"line":86,"column":null}},"line":83},"25":{"name":"(anonymous_25)","decl":{"start":{"line":88,"column":7},"end":{"line":88,"column":26}},"loc":{"start":{"line":88,"column":97},"end":{"line":91,"column":null}},"line":88},"26":{"name":"(anonymous_26)","decl":{"start":{"line":94,"column":7},"end":{"line":94,"column":63}},"loc":{"start":{"line":94,"column":63},"end":{"line":97,"column":null}},"line":94},"27":{"name":"(anonymous_27)","decl":{"start":{"line":99,"column":7},"end":{"line":99,"column":25}},"loc":{"start":{"line":99,"column":64},"end":{"line":102,"column":null}},"line":99},"28":{"name":"(anonymous_28)","decl":{"start":{"line":104,"column":7},"end":{"line":104,"column":61}},"loc":{"start":{"line":104,"column":61},"end":{"line":107,"column":null}},"line":104},"29":{"name":"(anonymous_29)","decl":{"start":{"line":109,"column":7},"end":{"line":109,"column":30}},"loc":{"start":{"line":109,"column":57},"end":{"line":112,"column":null}},"line":109},"30":{"name":"(anonymous_30)","decl":{"start":{"line":115,"column":7},"end":{"line":115,"column":null}},"loc":{"start":{"line":119,"column":21},"end":{"line":124,"column":null}},"line":119},"31":{"name":"(anonymous_31)","decl":{"start":{"line":126,"column":7},"end":{"line":126,"column":20}},"loc":{"start":{"line":126,"column":84},"end":{"line":131,"column":null}},"line":126},"32":{"name":"(anonymous_32)","decl":{"start":{"line":133,"column":7},"end":{"line":133,"column":23}},"loc":{"start":{"line":133,"column":77},"end":{"line":136,"column":null}},"line":133},"33":{"name":"(anonymous_33)","decl":{"start":{"line":139,"column":7},"end":{"line":139,"column":19}},"loc":{"start":{"line":139,"column":65},"end":{"line":142,"column":null}},"line":139},"34":{"name":"(anonymous_34)","decl":{"start":{"line":144,"column":7},"end":{"line":144,"column":20}},"loc":{"start":{"line":144,"column":68},"end":{"line":147,"column":null}},"line":144},"35":{"name":"(anonymous_35)","decl":{"start":{"line":150,"column":7},"end":{"line":150,"column":18}},"loc":{"start":{"line":150,"column":101},"end":{"line":153,"column":null}},"line":150},"36":{"name":"(anonymous_36)","decl":{"start":{"line":155,"column":7},"end":{"line":155,"column":19}},"loc":{"start":{"line":155,"column":105},"end":{"line":158,"column":null}},"line":155},"37":{"name":"(anonymous_37)","decl":{"start":{"line":160,"column":7},"end":{"line":160,"column":20}},"loc":{"start":{"line":160,"column":50},"end":{"line":163,"column":null}},"line":160},"38":{"name":"(anonymous_38)","decl":{"start":{"line":166,"column":7},"end":{"line":166,"column":24}},"loc":{"start":{"line":166,"column":107},"end":{"line":169,"column":null}},"line":166},"39":{"name":"(anonymous_39)","decl":{"start":{"line":171,"column":7},"end":{"line":171,"column":25}},"loc":{"start":{"line":171,"column":111},"end":{"line":174,"column":null}},"line":171},"40":{"name":"(anonymous_40)","decl":{"start":{"line":176,"column":7},"end":{"line":176,"column":26}},"loc":{"start":{"line":176,"column":56},"end":{"line":179,"column":null}},"line":176},"41":{"name":"(anonymous_41)","decl":{"start":{"line":182,"column":7},"end":{"line":182,"column":42}},"loc":{"start":{"line":182,"column":42},"end":{"line":185,"column":null}},"line":182},"42":{"name":"(anonymous_42)","decl":{"start":{"line":187,"column":7},"end":{"line":187,"column":23}},"loc":{"start":{"line":187,"column":50},"end":{"line":190,"column":null}},"line":187},"43":{"name":"(anonymous_43)","decl":{"start":{"line":192,"column":7},"end":{"line":192,"column":48}},"loc":{"start":{"line":192,"column":48},"end":{"line":195,"column":null}},"line":192},"44":{"name":"(anonymous_44)","decl":{"start":{"line":197,"column":7},"end":{"line":197,"column":29}},"loc":{"start":{"line":197,"column":56},"end":{"line":200,"column":null}},"line":197},"45":{"name":"(anonymous_45)","decl":{"start":{"line":203,"column":7},"end":{"line":203,"column":24}},"loc":{"start":{"line":203,"column":78},"end":{"line":208,"column":null}},"line":203},"46":{"name":"(anonymous_46)","decl":{"start":{"line":210,"column":7},"end":{"line":210,"column":23}},"loc":{"start":{"line":210,"column":72},"end":{"line":217,"column":null}},"line":210},"47":{"name":"(anonymous_47)","decl":{"start":{"line":220,"column":7},"end":{"line":220,"column":21}},"loc":{"start":{"line":220,"column":69},"end":{"line":223,"column":null}},"line":220},"48":{"name":"(anonymous_48)","decl":{"start":{"line":225,"column":7},"end":{"line":225,"column":20}},"loc":{"start":{"line":225,"column":69},"end":{"line":228,"column":null}},"line":225},"49":{"name":"(anonymous_49)","decl":{"start":{"line":230,"column":9},"end":{"line":230,"column":27}},"loc":{"start":{"line":230,"column":68},"end":{"line":238,"column":null}},"line":230}},"branchMap":{"0":{"loc":{"start":{"line":15,"column":3},"end":{"line":15,"column":null}},"type":"if","locations":[{"start":{"line":15,"column":3},"end":{"line":15,"column":null}},{"start":{},"end":{}}],"line":15},"1":{"loc":{"start":{"line":16,"column":3},"end":{"line":16,"column":null}},"type":"if","locations":[{"start":{"line":16,"column":3},"end":{"line":16,"column":null}},{"start":{},"end":{}}],"line":16},"2":{"loc":{"start":{"line":17,"column":3},"end":{"line":17,"column":null}},"type":"if","locations":[{"start":{"line":17,"column":3},"end":{"line":17,"column":null}},{"start":{},"end":{}}],"line":17},"3":{"loc":{"start":{"line":18,"column":3},"end":{"line":18,"column":null}},"type":"if","locations":[{"start":{"line":18,"column":3},"end":{"line":18,"column":null}},{"start":{},"end":{}}],"line":18},"4":{"loc":{"start":{"line":19,"column":3},"end":{"line":19,"column":null}},"type":"if","locations":[{"start":{"line":19,"column":3},"end":{"line":19,"column":null}},{"start":{},"end":{}}],"line":19},"5":{"loc":{"start":{"line":20,"column":3},"end":{"line":20,"column":null}},"type":"if","locations":[{"start":{"line":20,"column":3},"end":{"line":20,"column":null}},{"start":{},"end":{}}],"line":20},"6":{"loc":{"start":{"line":73,"column":2},"end":{"line":73,"column":null}},"type":"if","locations":[{"start":{"line":73,"column":2},"end":{"line":73,"column":null}},{"start":{},"end":{}}],"line":73},"7":{"loc":{"start":{"line":122,"column":2},"end":{"line":122,"column":null}},"type":"if","locations":[{"start":{"line":122,"column":2},"end":{"line":122,"column":null}},{"start":{},"end":{}}],"line":122},"8":{"loc":{"start":{"line":130,"column":9},"end":{"line":130,"column":null}},"type":"binary-expr","locations":[{"start":{"line":130,"column":9},"end":{"line":130,"column":23}},{"start":{"line":130,"column":23},"end":{"line":130,"column":null}}],"line":130},"9":{"loc":{"start":{"line":184,"column":10},"end":{"line":184,"column":null}},"type":"binary-expr","locations":[{"start":{"line":184,"column":10},"end":{"line":184,"column":59}},{"start":{"line":184,"column":59},"end":{"line":184,"column":null}}],"line":184},"10":{"loc":{"start":{"line":194,"column":10},"end":{"line":194,"column":null}},"type":"binary-expr","locations":[{"start":{"line":194,"column":10},"end":{"line":194,"column":65}},{"start":{"line":194,"column":65},"end":{"line":194,"column":null}}],"line":194},"11":{"loc":{"start":{"line":213,"column":10},"end":{"line":213,"column":null}},"type":"binary-expr","locations":[{"start":{"line":213,"column":10},"end":{"line":213,"column":39}},{"start":{"line":213,"column":39},"end":{"line":213,"column":null}}],"line":213},"12":{"loc":{"start":{"line":231,"column":2},"end":{"line":231,"column":null}},"type":"if","locations":[{"start":{"line":231,"column":2},"end":{"line":231,"column":null}},{"start":{},"end":{}}],"line":231},"13":{"loc":{"start":{"line":235,"column":3},"end":{"line":235,"column":null}},"type":"if","locations":[{"start":{"line":235,"column":3},"end":{"line":235,"column":null}},{"start":{},"end":{}}],"line":235}},"s":{"0":5,"1":36,"2":36,"3":36,"4":36,"5":36,"6":36,"7":36,"8":36,"9":36,"10":36,"11":36,"12":36,"13":36,"14":36,"15":36,"16":36,"17":36,"18":36,"19":36,"20":36,"21":0,"22":0,"23":0,"24":0,"25":0,"26":108,"27":108,"28":108,"29":108,"30":108,"31":108,"32":0,"33":985,"34":985,"35":985,"36":985,"37":985,"38":985,"39":0,"40":3,"41":3,"42":3,"43":3,"44":3,"45":3,"46":0,"47":36,"48":36,"49":36,"50":1080,"51":0,"52":1080,"53":5,"54":17,"55":17,"56":10,"57":10,"58":10,"59":10,"60":7,"61":7,"62":4,"63":4,"64":10,"65":10,"66":12,"67":12,"68":12,"69":10,"70":2,"71":16,"72":16,"73":16,"74":16,"75":4,"76":4,"77":11,"78":11,"79":10,"80":10,"81":4,"82":4,"83":901,"84":901,"85":2,"86":2,"87":4,"88":4,"89":10,"90":10,"91":1,"92":1,"93":12,"94":12,"95":10,"96":10,"97":12,"98":12,"99":10,"100":10,"101":0,"102":0,"103":0,"104":0,"105":0,"106":0,"107":0,"108":1,"109":1,"110":2,"111":2,"112":5,"113":0,"114":5,"115":5,"116":5,"117":5,"118":39,"119":2,"120":3},"f":{"0":36,"1":36,"2":36,"3":36,"4":36,"5":0,"6":0,"7":0,"8":108,"9":108,"10":108,"11":0,"12":985,"13":985,"14":985,"15":0,"16":3,"17":3,"18":3,"19":0,"20":36,"21":36,"22":1080,"23":5,"24":17,"25":10,"26":10,"27":7,"28":4,"29":10,"30":12,"31":16,"32":4,"33":11,"34":10,"35":4,"36":901,"37":2,"38":4,"39":10,"40":1,"41":12,"42":10,"43":12,"44":10,"45":0,"46":0,"47":1,"48":2,"49":5},"b":{"0":[36,0],"1":[36,0],"2":[36,0],"3":[36,0],"4":[36,0],"5":[36,0],"6":[0,1080],"7":[10,2],"8":[16,3],"9":[12,10],"10":[12,10],"11":[0,0],"12":[0,5],"13":[2,37]},"meta":{"lastBranch":14,"lastFunction":50,"lastStatement":121,"seen":{"s:4:19:4:Infinity":0,"f:6:9:6:16":0,"s:7:1:7:Infinity":1,"f:10:9:10:16":1,"s:11:1:30:Infinity":2,"f:11:20:11:21":2,"s:12:18:12:Infinity":3,"s:13:2:21:Infinity":4,"f:13:28:13:29":3,"s:14:14:14:Infinity":5,"b:15:3:15:Infinity:undefined:undefined:undefined:undefined":0,"s:15:3:15:Infinity":6,"s:15:50:15:Infinity":7,"b:16:3:16:Infinity:undefined:undefined:undefined:undefined":1,"s:16:3:16:Infinity":8,"s:16:50:16:Infinity":9,"b:17:3:17:Infinity:undefined:undefined:undefined:undefined":2,"s:17:3:17:Infinity":10,"s:17:55:17:Infinity":11,"b:18:3:18:Infinity:undefined:undefined:undefined:undefined":3,"s:18:3:18:Infinity":12,"s:18:49:18:Infinity":13,"b:19:3:19:Infinity:undefined:undefined:undefined:undefined":4,"s:19:3:19:Infinity":14,"s:19:54:19:Infinity":15,"b:20:3:20:Infinity:undefined:undefined:undefined:undefined":5,"s:20:3:20:Infinity":16,"s:20:51:20:Infinity":17,"s:22:2:22:Infinity":18,"f:22:22:22:28":4,"s:22:28:22:Infinity":19,"s:23:2:29:Infinity":20,"f:23:20:23:26":5,"s:26:17:26:Infinity":21,"s:27:3:27:Infinity":22,"f:27:21:27:27":6,"s:27:27:27:Infinity":23,"s:28:3:28:Infinity":24,"f:28:19:28:25":7,"s:28:25:28:Infinity":25,"f:33:9:33:16":8,"s:34:1:39:Infinity":26,"f:34:20:34:21":9,"s:35:13:35:Infinity":27,"s:36:14:36:Infinity":28,"s:37:2:37:Infinity":29,"f:37:18:37:24":10,"s:37:24:37:Infinity":30,"s:38:2:38:Infinity":31,"f:38:16:38:22":11,"s:38:22:38:Infinity":32,"f:42:9:42:16":12,"s:43:1:48:Infinity":33,"f:43:20:43:21":13,"s:44:13:44:Infinity":34,"s:45:2:45:Infinity":35,"s:46:2:46:Infinity":36,"f:46:18:46:24":14,"s:46:24:46:Infinity":37,"s:47:2:47:Infinity":38,"f:47:15:47:21":15,"s:47:21:47:Infinity":39,"f:51:9:51:19":16,"s:52:1:57:Infinity":40,"f:52:20:52:21":17,"s:53:13:53:Infinity":41,"s:54:2:54:Infinity":42,"s:55:2:55:Infinity":43,"f:55:18:55:24":18,"s:55:24:55:Infinity":44,"s:56:2:56:Infinity":45,"f:56:15:56:21":19,"s:56:21:56:Infinity":46,"s:61:34:61:Infinity":47,"f:64:1:64:13":20,"s:65:2:65:Infinity":48,"f:68:7:68:29":21,"s:69:2:69:Infinity":49,"f:72:9:72:33":22,"b:73:2:73:Infinity:undefined:undefined:undefined:undefined":6,"s:73:2:73:Infinity":50,"s:73:16:73:Infinity":51,"s:74:2:74:Infinity":52,"f:78:8:78:16":23,"s:79:2:79:Infinity":53,"f:83:7:83:96":24,"s:84:13:84:Infinity":54,"s:85:2:85:Infinity":55,"f:88:7:88:26":25,"s:89:13:89:Infinity":56,"s:90:2:90:Infinity":57,"f:94:7:94:63":26,"s:95:13:95:Infinity":58,"s:96:2:96:Infinity":59,"f:99:7:99:25":27,"s:100:13:100:Infinity":60,"s:101:2:101:Infinity":61,"f:104:7:104:61":28,"s:105:13:105:Infinity":62,"s:106:2:106:Infinity":63,"f:109:7:109:30":29,"s:110:13:110:Infinity":64,"s:111:2:111:Infinity":65,"f:115:7:115:Infinity":30,"s:120:13:120:Infinity":66,"s:121:19:121:Infinity":67,"b:122:2:122:Infinity:undefined:undefined:undefined:undefined":7,"s:122:2:122:Infinity":68,"s:122:17:122:Infinity":69,"s:123:2:123:Infinity":70,"f:126:7:126:20":31,"s:127:13:127:Infinity":71,"s:128:19:128:Infinity":72,"s:129:2:129:Infinity":73,"s:130:2:130:Infinity":74,"b:130:9:130:23:130:23:130:Infinity":8,"f:133:7:133:23":32,"s:134:13:134:Infinity":75,"s:135:2:135:Infinity":76,"f:139:7:139:19":33,"s:140:13:140:Infinity":77,"s:141:2:141:Infinity":78,"f:144:7:144:20":34,"s:145:13:145:Infinity":79,"s:146:2:146:Infinity":80,"f:150:7:150:18":35,"s:151:13:151:Infinity":81,"s:152:2:152:Infinity":82,"f:155:7:155:19":36,"s:156:13:156:Infinity":83,"s:157:2:157:Infinity":84,"f:160:7:160:20":37,"s:161:13:161:Infinity":85,"s:162:2:162:Infinity":86,"f:166:7:166:24":38,"s:167:13:167:Infinity":87,"s:168:2:168:Infinity":88,"f:171:7:171:25":39,"s:172:13:172:Infinity":89,"s:173:2:173:Infinity":90,"f:176:7:176:26":40,"s:177:13:177:Infinity":91,"s:178:2:178:Infinity":92,"f:182:7:182:42":41,"s:183:13:183:Infinity":93,"s:184:2:184:Infinity":94,"b:184:10:184:59:184:59:184:Infinity":9,"f:187:7:187:23":42,"s:188:13:188:Infinity":95,"s:189:2:189:Infinity":96,"f:192:7:192:48":43,"s:193:13:193:Infinity":97,"s:194:2:194:Infinity":98,"b:194:10:194:65:194:65:194:Infinity":10,"f:197:7:197:29":44,"s:198:13:198:Infinity":99,"s:199:2:199:Infinity":100,"f:203:7:203:24":45,"s:204:2:207:Infinity":101,"s:205:15:205:Infinity":102,"s:206:3:206:Infinity":103,"f:210:7:210:23":46,"s:211:2:216:Infinity":104,"s:212:15:212:Infinity":105,"s:213:3:213:Infinity":106,"b:213:10:213:39:213:39:213:Infinity":11,"s:215:3:215:Infinity":107,"f:220:7:220:21":47,"s:221:13:221:Infinity":108,"s:222:2:222:Infinity":109,"f:225:7:225:20":48,"s:226:13:226:Infinity":110,"s:227:2:227:Infinity":111,"f:230:9:230:27":49,"b:231:2:231:Infinity:undefined:undefined:undefined:undefined":12,"s:231:2:231:Infinity":112,"s:231:37:231:Infinity":113,"s:232:13:232:Infinity":114,"s:233:13:233:Infinity":115,"s:234:2:236:Infinity":116,"s:234:15:234:18":117,"b:235:3:235:Infinity:undefined:undefined:undefined:undefined":13,"s:235:3:235:Infinity":118,"s:235:24:235:Infinity":119,"s:237:2:237:Infinity":120}}}
}
